20:25:19 Worker rq:worker:bd9acaa2340d473fb6140f3276314e34 started with PID 280418, version 1.15.0
20:25:19 Subscribing to channel rq:pubsub:bd9acaa2340d473fb6140f3276314e34
20:25:19 *** Listening on default, low, high...
20:25:19 Cleaning registries for queue: default
20:25:19 Cleaning registries for queue: low
20:25:19 Cleaning registries for queue: high
20:25:19 default: src.tasks.upload_files(<_io.BytesIO object at 0x7f3ef0ca8270>) (6497aeda-bb9b-4ce8-8824-7e00beeadf31)
20:26:56 Worker bd9acaa2340d473fb6140f3276314e34 [PID 280418]: warm shut down requested
20:27:07 Worker rq:worker:82b94c051ee042ef84437fba387b212a started with PID 280448, version 1.15.0
20:27:07 Subscribing to channel rq:pubsub:82b94c051ee042ef84437fba387b212a
20:27:07 *** Listening on default, low, high...
20:27:07 Cleaning registries for queue: default
20:27:07 Cleaning registries for queue: low
20:27:07 Cleaning registries for queue: high
20:27:22 Worker 82b94c051ee042ef84437fba387b212a [PID 280448]: warm shut down requested
20:27:22 Unsubscribing from channel rq:pubsub:82b94c051ee042ef84437fba387b212a
20:27:23 Worker rq:worker:98ad62f2feb34a8a91fb48460fcf422c started with PID 280455, version 1.15.0
20:27:23 Subscribing to channel rq:pubsub:98ad62f2feb34a8a91fb48460fcf422c
20:27:23 *** Listening on default, low, high...
20:27:51 default: src.tasks.upload_files(<_io.BytesIO object at 0x7f1547f28360>) (96bd6d86-75a3-4376-8212-b4e333f0c93c)
<sqlalchemy.engine.cursor.CursorResult object at 0x7f438191a380>
<sqlalchemy.engine.cursor.CursorResult object at 0x7f438191a3e0>
<sqlalchemy.engine.cursor.CursorResult object at 0x7f438191a440>
dict_keys(['1.xlsx', '2.xlsx', '3.xlsx', '4.1.xlsx', '4.xlsx', '5.xlsx'])
load data to stg_col_781 -> select id from stg_col_781
Success (Update: 14 records)
load data to stg_col_758 -> select id from stg_col_758
Success (Update: 294 records)
load data to stg_col_769 -> select id from stg_col_769
Success (Update: 64 records)
load data to stg_col_770 -> select id from stg_col_770
Success (Update: 3 records)
load data to stg_col_775 -> select id from stg_col_775
Success (Update: 2 records)
load data to stg_col_2156 -> select id from stg_col_2156
Success (Update: 6 records)
load data to stg_col_2463 -> select id from stg_col_2463
Success (Update: 6 records)
load data to stg_col_3163 -> select id from stg_col_3163
Success (Update: 8 records)
load data to stg_col_3243 -> select id from stg_col_3243
Success (Update: 6 records)
load data to stg_col_103506 -> select id from stg_col_103506
Success (Update: 5 records)
load data to stg_building -> select id from stg_building
Success (Update: 18432 records)
load data to stg_event_system -> select id from stg_event_system
Success (Update: 950 records)
load data to stg_work_type_common -> select id from stg_work_type_common
Success (Update: 498 records)
load data to stg_work_type -> select id from stg_work_type
Success (Update: 29 records)
load data to stg_work -> select global_id from stg_work
Success (Update: 1747 records)
load data to stg_incident -> select date_completed from stg_incident
Success (Update: 1048555 records)
<sqlalchemy.engine.cursor.CursorResult object at 0x7f4380189cc0>
/data/backend/services/upload_data/src/service/sql/model_etl.sql
<sqlalchemy.engine.cursor.CursorResult object at 0x7f438018bbe0>
Start update model
Success update model
20:30:16 default: Job OK (96bd6d86-75a3-4376-8212-b4e333f0c93c)
20:30:16 Result is kept for 500 seconds
20:33:07 default: src.tasks.upload_files(<_io.BytesIO object at 0x7f15395bd670>) (72e8ebbe-af94-493b-9f8b-89e139bcd28d)
20:40:44 Worker 98ad62f2feb34a8a91fb48460fcf422c [PID 280455]: warm shut down requested
20:40:56 Worker rq:worker:cba3d89811ce4076b52ebd11a1be0092 started with PID 280624, version 1.15.0
20:40:56 Subscribing to channel rq:pubsub:cba3d89811ce4076b52ebd11a1be0092
20:40:56 *** Listening on default, low, high...
20:41:47 Worker cba3d89811ce4076b52ebd11a1be0092 [PID 280624]: warm shut down requested
20:41:47 Unsubscribing from channel rq:pubsub:cba3d89811ce4076b52ebd11a1be0092
20:41:48 Worker rq:worker:5ac93220ed1f479ab6716756a1750991 started with PID 280746, version 1.15.0
20:41:48 Subscribing to channel rq:pubsub:5ac93220ed1f479ab6716756a1750991
20:41:48 *** Listening on default, low, high...
20:41:48 Cleaning registries for queue: default
20:41:48 Cleaning registries for queue: low
20:41:48 Cleaning registries for queue: high
